/home/n2burns/ogg/Mat Kearney/Young Love/1-01 Hey Mama.ogg was not written
/home/n2burns/ogg/Mat Kearney/Young Love/1-02 Ships In The Night.ogg was not written
/home/n2burns/ogg/Mat Kearney/Young Love/1-03 Count On Me.ogg was not written
/home/n2burns/ogg/Mat Kearney/Young Love/1-04 Sooner Or Later.ogg was not written
/home/n2burns/ogg/Mat Kearney/Young Love/1-05 Chasing The Light.ogg was not written
/home/n2burns/ogg/Mat Kearney/Young Love/1-06 Learning To Love Again.ogg was not written
/home/n2burns/ogg/Mat Kearney/Young Love/1-07 Down.ogg was not written
/home/n2burns/ogg/Mat Kearney/Young Love/1-08 She Got The Honey.ogg was not written
/home/n2burns/ogg/Mat Kearney/Young Love/1-09 Young Dumb And In Love.ogg was not written
/home/n2burns/ogg/Mat Kearney/Young Love/1-10 Rochester.ogg was not written
/home/n2burns/ogg/Mika/The Origin of Love/1-01 Mika - Origin of Love.ogg was not written
/home/n2burns/ogg/Mika/The Origin of Love/1-02 Mika - Lola.ogg was not written
/home/n2burns/ogg/Mika/The Origin of Love/1-03 Mika - Stardust.ogg was not written
/home/n2burns/ogg/Mika/The Origin of Love/1-04 Mika - Make You Happy.ogg was not written
/home/n2burns/ogg/Mika/The Origin of Love/1-05 Mika - Underwater.ogg was not written
/home/n2burns/ogg/Mika/The Origin of Love/1-06 Mika - Overrated.ogg was not written
/home/n2burns/ogg/Mika/The Origin of Love/1-07 Mika - Kids.ogg was not written
/home/n2burns/ogg/Mika/The Origin of Love/1-08 Mika - Love You When I'm Drunk.ogg was not written
/home/n2burns/ogg/Mika/The Origin of Love/1-09 Mika - Step With Me.ogg was not written
/home/n2burns/ogg/Mika/The Origin of Love/1-10 Mika - Popular Song.ogg was not written
/home/n2burns/ogg/Mika/The Origin of Love/1-11 Mika - Emily.ogg was not written
/home/n2burns/ogg/Mika/The Origin of Love/1-12 Mika - Heroes.ogg was not written
/home/n2burns/ogg/Mika/The Origin of Love/1-13 Mika feat. Pharrell Williams - Celebrate.ogg was not written
/home/n2burns/ogg/Mika/The Origin of Love/1-14 Mika - Elle me dit.ogg was not written
/home/n2burns/ogg/Mika/The Origin of Love/2-01 Mika - Karen.ogg was not written
/home/n2burns/ogg/Mika/The Origin of Love/2-02 Mika - L'Amour dans le mauvais temps.ogg was not written
/home/n2burns/ogg/Mika/The Origin of Love/2-03 Mika - Un soleil mal luné.ogg was not written
/home/n2burns/ogg/Mika/The Origin of Love/2-04 Mika - Make You Happy (Cherokee remix).ogg was not written
/home/n2burns/ogg/Mika/The Origin of Love/2-05 Mika - Celebrate (Robbie Rivera remix).ogg was not written
/home/n2burns/ogg/Mika/The Origin of Love/2-06 Mika - Elle me dit (BeatauCue remix).ogg was not written
/home/n2burns/ogg/Mika/The Origin of Love/2-07 Mika - Make You Happy (LA edit).ogg was not written
/home/n2burns/ogg/Mika/The Origin of Love/2-08 Mika - Tah Dah.ogg was not written
/home/n2burns/ogg/Trent Reznor and Atticus Ross/The Girl With the Dragon Tattoo/01 Karen O with Trent Reznor and Atticus Ross - Immigrant Song.ogg was not written
/home/n2burns/ogg/Trent Reznor and Atticus Ross/The Girl With the Dragon Tattoo/02 Trent Reznor and Atticus Ross - She Reminds Me of You.ogg was not written
/home/n2burns/ogg/Trent Reznor and Atticus Ross/The Girl With the Dragon Tattoo/03 Trent Reznor and Atticus Ross - People Lie All the Time.ogg was not written
/home/n2burns/ogg/Trent Reznor and Atticus Ross/The Girl With the Dragon Tattoo/04 Trent Reznor and Atticus Ross - Pinned and Mounted.ogg was not written
/home/n2burns/ogg/Trent Reznor and Atticus Ross/The Girl With the Dragon Tattoo/05 Trent Reznor and Atticus Ross - Perihelion.ogg was not written
/home/n2burns/ogg/Trent Reznor and Atticus Ross/The Girl With the Dragon Tattoo/06 Trent Reznor and Atticus Ross - What If We Could_.ogg was not written
/home/n2burns/ogg/Trent Reznor and Atticus Ross/The Girl With the Dragon Tattoo/07 Trent Reznor and Atticus Ross - With the Flies.ogg was not written
/home/n2burns/ogg/Trent Reznor and Atticus Ross/The Girl With the Dragon Tattoo/08 Trent Reznor and Atticus Ross - Hidden in Snow.ogg was not written
/home/n2burns/ogg/Trent Reznor and Atticus Ross/The Girl With the Dragon Tattoo/09 Trent Reznor and Atticus Ross - A Thousand Details.ogg was not written
/home/n2burns/ogg/Trent Reznor and Atticus Ross/The Girl With the Dragon Tattoo/10 Trent Reznor and Atticus Ross - One Particular Moment.ogg was not written
/home/n2burns/ogg/Trent Reznor and Atticus Ross/The Girl With the Dragon Tattoo/11 Trent Reznor and Atticus Ross - I Can't Take It Anymore.ogg was not written
/home/n2burns/ogg/Trent Reznor and Atticus Ross/The Girl With the Dragon Tattoo/12 Trent Reznor and Atticus Ross - How Brittle the Bones.ogg was not written
/home/n2burns/ogg/Trent Reznor and Atticus Ross/The Girl With the Dragon Tattoo/13 Trent Reznor and Atticus Ross - Please Take Your Hand Away.ogg was not written
/home/n2burns/ogg/Trent Reznor and Atticus Ross/The Girl With the Dragon Tattoo/14 Trent Reznor and Atticus Ross - Cut Into Pieces.ogg was not written
/home/n2burns/ogg/Trent Reznor and Atticus Ross/The Girl With the Dragon Tattoo/15 Trent Reznor and Atticus Ross - The Splinter.ogg was not written
/home/n2burns/ogg/Trent Reznor and Atticus Ross/The Girl With the Dragon Tattoo/16 Trent Reznor and Atticus Ross - An Itch.ogg was not written
/home/n2burns/ogg/Trent Reznor and Atticus Ross/The Girl With the Dragon Tattoo/17 Trent Reznor and Atticus Ross - Hypomania.ogg was not written
/home/n2burns/ogg/Trent Reznor and Atticus Ross/The Girl With the Dragon Tattoo/18 Trent Reznor and Atticus Ross - Under the Midnight Sun.ogg was not written
/home/n2burns/ogg/Trent Reznor and Atticus Ross/The Girl With the Dragon Tattoo/19 Trent Reznor and Atticus Ross - Aphelion.ogg was not written
/home/n2burns/ogg/Trent Reznor and Atticus Ross/The Girl With the Dragon Tattoo/20 Trent Reznor and Atticus Ross - You're Here.ogg was not written
/home/n2burns/ogg/Trent Reznor and Atticus Ross/The Girl With the Dragon Tattoo/21 Trent Reznor and Atticus Ross - The Same as the Others.ogg was not written
/home/n2burns/ogg/Trent Reznor and Atticus Ross/The Girl With the Dragon Tattoo/22 Trent Reznor and Atticus Ross - A Pause for Reflection.ogg was not written
/home/n2burns/ogg/Trent Reznor and Atticus Ross/The Girl With the Dragon Tattoo/23 Trent Reznor and Atticus Ross - While Waiting.ogg was not written
/home/n2burns/ogg/Trent Reznor and Atticus Ross/The Girl With the Dragon Tattoo/24 Trent Reznor and Atticus Ross - The Seconds Drag.ogg was not written
/home/n2burns/ogg/Trent Reznor and Atticus Ross/The Girl With the Dragon Tattoo/25 Trent Reznor and Atticus Ross - Later Into the Night.ogg was not written
/home/n2burns/ogg/Trent Reznor and Atticus Ross/The Girl With the Dragon Tattoo/26 Trent Reznor and Atticus Ross - Parallel Timeline With Alternate Outcome.ogg was not written
/home/n2burns/ogg/Trent Reznor and Atticus Ross/The Girl With the Dragon Tattoo/27 Trent Reznor and Atticus Ross - Another Way of Caring.ogg was not written
/home/n2burns/ogg/Trent Reznor and Atticus Ross/The Girl With the Dragon Tattoo/28 Trent Reznor and Atticus Ross - A Viable Construct.ogg was not written
/home/n2burns/ogg/Trent Reznor and Atticus Ross/The Girl With the Dragon Tattoo/29 Trent Reznor and Atticus Ross - Revealed in the Thaw.ogg was not written
/home/n2burns/ogg/Trent Reznor and Atticus Ross/The Girl With the Dragon Tattoo/30 Trent Reznor and Atticus Ross - Millennia.ogg was not written
/home/n2burns/ogg/Trent Reznor and Atticus Ross/The Girl With the Dragon Tattoo/31 Trent Reznor and Atticus Ross - We Could Wait Forever.ogg was not written
/home/n2burns/ogg/Trent Reznor and Atticus Ross/The Girl With the Dragon Tattoo/32 Trent Reznor and Atticus Ross - Oraculum.ogg was not written
/home/n2burns/ogg/Trent Reznor and Atticus Ross/The Girl With the Dragon Tattoo/33 Trent Reznor and Atticus Ross - Great Bird of Prey.ogg was not written
/home/n2burns/ogg/Trent Reznor and Atticus Ross/The Girl With the Dragon Tattoo/34 Trent Reznor and Atticus Ross - The Heretics.ogg was not written
/home/n2burns/ogg/Trent Reznor and Atticus Ross/The Girl With the Dragon Tattoo/35 Trent Reznor and Atticus Ross - A Pair of Doves.ogg was not written
/home/n2burns/ogg/Trent Reznor and Atticus Ross/The Girl With the Dragon Tattoo/36 Trent Reznor and Atticus Ross - Infiltrator.ogg was not written
/home/n2burns/ogg/Trent Reznor and Atticus Ross/The Girl With the Dragon Tattoo/37 Trent Reznor and Atticus Ross - The Sound of Forgetting.ogg was not written
/home/n2burns/ogg/Trent Reznor and Atticus Ross/The Girl With the Dragon Tattoo/38 Trent Reznor and Atticus Ross - Of Secrets.ogg was not written
/home/n2burns/ogg/Trent Reznor and Atticus Ross/The Girl With the Dragon Tattoo/39 How to Destroy Angels - Is Your Love Strong Enough_.ogg was not written
